>>> large_values mode=unlimited cfg=off round=1
Query 1 avg time: 249.13 ms
Query 2 avg time: 197.81 ms
Query 3 avg time: 231.51 ms
Query 4 avg time: 177.36 ms
Query 5 avg time: 310.93 ms
>>> large_values mode=unlimited cfg=on round=1
Query 1 avg time: 174.58 ms
Query 2 avg time: 178.78 ms
Query 3 avg time: 307.93 ms
Query 4 avg time: 183.48 ms
Query 5 avg time: 328.14 ms
>>> large_values mode=unlimited cfg=off round=2
Query 1 avg time: 164.27 ms
Query 2 avg time: 147.94 ms
Query 3 avg time: 214.71 ms
Query 4 avg time: 161.33 ms
Query 5 avg time: 305.55 ms
>>> large_values mode=unlimited cfg=on round=2
Query 1 avg time: 174.09 ms
Query 2 avg time: 166.66 ms
Query 3 avg time: 229.50 ms
Query 4 avg time: 179.87 ms
Query 5 avg time: 334.11 ms
>>> large_values mode=mem2g cfg=off round=1
Query 1 avg time: 176.08 ms
Query 2 failed: Not enough memory to continue external sort. Consider increasing the memory limit config: 'datafusion.runtime.memory_limit', or decreasing the config: 'datafusion.execution.sort_spill_reservation_bytes'.
Resources exhausted: Additional allocation failed for ExternalSorter[0] with top memory consumers (across reservations) as:
Query 3 failed: Not enough memory to continue external sort. Consider increasing the memory limit config: 'datafusion.runtime.memory_limit', or decreasing the config: 'datafusion.execution.sort_spill_reservation_bytes'.
Resources exhausted: Additional allocation failed for ExternalSorter[0] with top memory consumers (across reservations) as:
Query 4 avg time: 171.76 ms
Query 5 avg time: 325.76 ms
>>> large_values mode=mem2g cfg=on round=1
Query 1 avg time: 183.56 ms
Query 2 failed: Resources exhausted: Additional allocation failed for SortPreservingMergeExec[0] with top memory consumers (across reservations) as:
Query 3 failed: Not enough memory to continue external sort. Consider increasing the memory limit config: 'datafusion.runtime.memory_limit', or decreasing the config: 'datafusion.execution.sort_spill_reservation_bytes'.
Resources exhausted: Additional allocation failed for ExternalSorter[6] with top memory consumers (across reservations) as:
Query 4 avg time: 218.22 ms
Query 5 avg time: 385.80 ms
>>> large_values mode=mem2g cfg=off round=2
Query 1 avg time: 183.37 ms
Query 2 failed: Not enough memory to continue external sort. Consider increasing the memory limit config: 'datafusion.runtime.memory_limit', or decreasing the config: 'datafusion.execution.sort_spill_reservation_bytes'.
Resources exhausted: Additional allocation failed for ExternalSorter[2] with top memory consumers (across reservations) as:
Query 3 failed: Not enough memory to continue external sort. Consider increasing the memory limit config: 'datafusion.runtime.memory_limit', or decreasing the config: 'datafusion.execution.sort_spill_reservation_bytes'.
Resources exhausted: Additional allocation failed for ExternalSorter[3] with top memory consumers (across reservations) as:
Query 4 avg time: 176.02 ms
Query 5 avg time: 314.73 ms
>>> large_values mode=mem2g cfg=on round=2
Query 1 avg time: 179.79 ms
Query 2 failed: Resources exhausted: Additional allocation failed for SortPreservingMergeExec[0] with top memory consumers (across reservations) as:
Query 3 failed: Resources exhausted: Additional allocation failed for SortPreservingMergeExec[0] with top memory consumers (across reservations) as:
Query 4 avg time: 188.47 ms
Query 5 avg time: 349.71 ms
LV AB DONE
EXIT: 0
